C:\Program Files (x86)\MSBuild\Microsoft.Cpp\v4.0\V140\Microsoft.CppBuild.targets(392,5): warning MSB8028: The intermediate directory (x64\Debug\) contains files shared from another project (UserViewer.vcxproj).  This can lead to incorrect clean and rebuild behavior.
  Viewer.cpp
c:\users\richard yi-chia tsai\desktop\eoy_newrobot\eyeonyoudepthcamera\serversocketrunpid.h(6): warning C4005: 'DEFAULT_PORT_STR': macro redefinition
  c:\users\richard yi-chia tsai\desktop\eoy_newrobot\eyeonyoudepthcamera\serversocket.h(6): note: see previous definition of 'DEFAULT_PORT_STR'
c:\opencv\build\include\opencv2\core\mat.hpp(2586): warning C4819: The file contains a character that cannot be represented in the current code page (950). Save the file in Unicode format to prevent data loss
c:\opencv\build\include\opencv2\core\persistence.hpp : warning C4819: The file contains a character that cannot be represented in the current code page (950). Save the file in Unicode format to prevent data loss
c:\opencv\build\include\opencv2\core\utility.hpp : warning C4819: The file contains a character that cannot be represented in the current code page (950). Save the file in Unicode format to prevent data loss
c:\opencv\build\include\opencv2\core\utility.hpp : warning C4819: The file contains a character that cannot be represented in the current code page (950). Save the file in Unicode format to prevent data loss
c:\opencv\build\include\opencv2\imgproc.hpp : warning C4819: The file contains a character that cannot be represented in the current code page (950). Save the file in Unicode format to prevent data loss
c:\opencv\build\include\opencv2\imgproc.hpp(592): warning C4819: The file contains a character that cannot be represented in the current code page (950). Save the file in Unicode format to prevent data loss
c:\users\richard yi-chia tsai\desktop\eoy_newrobot\eyeonyoudepthcamera\viewer.cpp(100): warning C4996: 'strncpy': This function or variable may be unsafe. Consider using strncpy_s instead. To disable deprecation, use _CRT_SECURE_NO_WARNINGS. See online help for details.
  c:\program files (x86)\windows kits\10\include\10.0.10240.0\ucrt\string.h(346): note: see declaration of 'strncpy'
c:\users\richard yi-chia tsai\desktop\eoy_newrobot\eyeonyoudepthcamera\viewer.cpp(232): warning C4996: 'sprintf': This function or variable may be unsafe. Consider using sprintf_s instead. To disable deprecation, use _CRT_SECURE_NO_WARNINGS. See online help for details.
  c:\program files (x86)\windows kits\10\include\10.0.10240.0\ucrt\stdio.h(1769): note: see declaration of 'sprintf'
c:\users\richard yi-chia tsai\desktop\eoy_newrobot\eyeonyoudepthcamera\viewer.cpp(233): warning C4996: 'strcat': This function or variable may be unsafe. Consider using strcat_s instead. To disable deprecation, use _CRT_SECURE_NO_WARNINGS. See online help for details.
  c:\program files (x86)\windows kits\10\include\10.0.10240.0\ucrt\string.h(90): note: see declaration of 'strcat'
c:\users\richard yi-chia tsai\desktop\eoy_newrobot\eyeonyoudepthcamera\viewer.cpp(234): warning C4996: 'strcat': This function or variable may be unsafe. Consider using strcat_s instead. To disable deprecation, use _CRT_SECURE_NO_WARNINGS. See online help for details.
  c:\program files (x86)\windows kits\10\include\10.0.10240.0\ucrt\string.h(90): note: see declaration of 'strcat'
c:\users\richard yi-chia tsai\desktop\eoy_newrobot\eyeonyoudepthcamera\viewer.cpp(238): warning C4996: 'sprintf': This function or variable may be unsafe. Consider using sprintf_s instead. To disable deprecation, use _CRT_SECURE_NO_WARNINGS. See online help for details.
  c:\program files (x86)\windows kits\10\include\10.0.10240.0\ucrt\stdio.h(1769): note: see declaration of 'sprintf'
c:\users\richard yi-chia tsai\desktop\eoy_newrobot\eyeonyoudepthcamera\viewer.cpp(247): warning C4996: 'strcat': This function or variable may be unsafe. Consider using strcat_s instead. To disable deprecation, use _CRT_SECURE_NO_WARNINGS. See online help for details.
  c:\program files (x86)\windows kits\10\include\10.0.10240.0\ucrt\string.h(90): note: see declaration of 'strcat'
c:\users\richard yi-chia tsai\desktop\eoy_newrobot\eyeonyoudepthcamera\viewer.cpp(248): warning C4996: 'sprintf': This function or variable may be unsafe. Consider using sprintf_s instead. To disable deprecation, use _CRT_SECURE_NO_WARNINGS. See online help for details.
  c:\program files (x86)\windows kits\10\include\10.0.10240.0\ucrt\stdio.h(1769): note: see declaration of 'sprintf'
c:\users\richard yi-chia tsai\desktop\eoy_newrobot\eyeonyoudepthcamera\viewer.cpp(301): warning C4996: 'sprintf': This function or variable may be unsafe. Consider using sprintf_s instead. To disable deprecation, use _CRT_SECURE_NO_WARNINGS. See online help for details.
  c:\program files (x86)\windows kits\10\include\10.0.10240.0\ucrt\stdio.h(1769): note: see declaration of 'sprintf'
c:\users\richard yi-chia tsai\desktop\eoy_newrobot\eyeonyoudepthcamera\viewer.cpp(309): warning C4996: 'sprintf': This function or variable may be unsafe. Consider using sprintf_s instead. To disable deprecation, use _CRT_SECURE_NO_WARNINGS. See online help for details.
  c:\program files (x86)\windows kits\10\include\10.0.10240.0\ucrt\stdio.h(1769): note: see declaration of 'sprintf'
c:\users\richard yi-chia tsai\desktop\eoy_newrobot\eyeonyoudepthcamera\viewer.cpp(319): warning C4996: 'sprintf': This function or variable may be unsafe. Consider using sprintf_s instead. To disable deprecation, use _CRT_SECURE_NO_WARNINGS. See online help for details.
  c:\program files (x86)\windows kits\10\include\10.0.10240.0\ucrt\stdio.h(1769): note: see declaration of 'sprintf'
c:\users\richard yi-chia tsai\desktop\eoy_newrobot\eyeonyoudepthcamera\viewer.cpp(322): warning C4996: 'sprintf': This function or variable may be unsafe. Consider using sprintf_s instead. To disable deprecation, use _CRT_SECURE_NO_WARNINGS. See online help for details.
  c:\program files (x86)\windows kits\10\include\10.0.10240.0\ucrt\stdio.h(1769): note: see declaration of 'sprintf'
c:\users\richard yi-chia tsai\desktop\eoy_newrobot\eyeonyoudepthcamera\viewer.cpp(325): warning C4996: 'sprintf': This function or variable may be unsafe. Consider using sprintf_s instead. To disable deprecation, use _CRT_SECURE_NO_WARNINGS. See online help for details.
  c:\program files (x86)\windows kits\10\include\10.0.10240.0\ucrt\stdio.h(1769): note: see declaration of 'sprintf'
c:\users\richard yi-chia tsai\desktop\eoy_newrobot\eyeonyoudepthcamera\viewer.cpp(332): warning C4996: 'sprintf': This function or variable may be unsafe. Consider using sprintf_s instead. To disable deprecation, use _CRT_SECURE_NO_WARNINGS. See online help for details.
  c:\program files (x86)\windows kits\10\include\10.0.10240.0\ucrt\stdio.h(1769): note: see declaration of 'sprintf'
c:\users\richard yi-chia tsai\desktop\eoy_newrobot\eyeonyoudepthcamera\viewer.cpp(489): warning C4996: 'sprintf': This function or variable may be unsafe. Consider using sprintf_s instead. To disable deprecation, use _CRT_SECURE_NO_WARNINGS. See online help for details.
  c:\program files (x86)\windows kits\10\include\10.0.10240.0\ucrt\stdio.h(1769): note: see declaration of 'sprintf'
c:\users\richard yi-chia tsai\desktop\eoy_newrobot\eyeonyoudepthcamera\viewer.cpp(490): warning C4996: 'strcat': This function or variable may be unsafe. Consider using strcat_s instead. To disable deprecation, use _CRT_SECURE_NO_WARNINGS. See online help for details.
  c:\program files (x86)\windows kits\10\include\10.0.10240.0\ucrt\string.h(90): note: see declaration of 'strcat'
c:\users\richard yi-chia tsai\desktop\eoy_newrobot\eyeonyoudepthcamera\viewer.cpp(491): warning C4996: 'strcat': This function or variable may be unsafe. Consider using strcat_s instead. To disable deprecation, use _CRT_SECURE_NO_WARNINGS. See online help for details.
  c:\program files (x86)\windows kits\10\include\10.0.10240.0\ucrt\string.h(90): note: see declaration of 'strcat'
c:\users\richard yi-chia tsai\desktop\eoy_newrobot\eyeonyoudepthcamera\viewer.cpp(492): warning C4996: 'strcat': This function or variable may be unsafe. Consider using strcat_s instead. To disable deprecation, use _CRT_SECURE_NO_WARNINGS. See online help for details.
  c:\program files (x86)\windows kits\10\include\10.0.10240.0\ucrt\string.h(90): note: see declaration of 'strcat'
c:\users\richard yi-chia tsai\desktop\eoy_newrobot\eyeonyoudepthcamera\viewer.cpp(493): warning C4996: 'sprintf': This function or variable may be unsafe. Consider using sprintf_s instead. To disable deprecation, use _CRT_SECURE_NO_WARNINGS. See online help for details.
  c:\program files (x86)\windows kits\10\include\10.0.10240.0\ucrt\stdio.h(1769): note: see declaration of 'sprintf'
c:\users\richard yi-chia tsai\desktop\eoy_newrobot\eyeonyoudepthcamera\viewer.cpp(523): warning C4996: 'sprintf': This function or variable may be unsafe. Consider using sprintf_s instead. To disable deprecation, use _CRT_SECURE_NO_WARNINGS. See online help for details.
  c:\program files (x86)\windows kits\10\include\10.0.10240.0\ucrt\stdio.h(1769): note: see declaration of 'sprintf'
c:\users\richard yi-chia tsai\desktop\eoy_newrobot\eyeonyoudepthcamera\viewer.cpp(536): warning C4996: 'sprintf': This function or variable may be unsafe. Consider using sprintf_s instead. To disable deprecation, use _CRT_SECURE_NO_WARNINGS. See online help for details.
  c:\program files (x86)\windows kits\10\include\10.0.10240.0\ucrt\stdio.h(1769): note: see declaration of 'sprintf'
c:\users\richard yi-chia tsai\desktop\eoy_newrobot\eyeonyoudepthcamera\viewer.cpp(748): warning C4101: 'y': unreferenced local variable
c:\users\richard yi-chia tsai\desktop\eoy_newrobot\eyeonyoudepthcamera\viewer.cpp(748): warning C4101: 'x': unreferenced local variable
c:\users\richard yi-chia tsai\desktop\eoy_newrobot\eyeonyoudepthcamera\viewer.cpp(1155): warning C4996: 'sprintf': This function or variable may be unsafe. Consider using sprintf_s instead. To disable deprecation, use _CRT_SECURE_NO_WARNINGS. See online help for details.
  c:\program files (x86)\windows kits\10\include\10.0.10240.0\ucrt\stdio.h(1769): note: see declaration of 'sprintf'
  UserViewer.vcxproj -> C:\Users\Richard Yi-Chia TSAI\Desktop\EOY_NewRobot\EyeOnYouDepthCamera\x64\Debug\EyeOnYouSensing.exe
  UserViewer.vcxproj -> C:\Users\Richard Yi-Chia TSAI\Desktop\EOY_NewRobot\EyeOnYouDepthCamera\x64\Debug\EyeOnYouSensing.pdb (Full PDB)
  已複製 0 個檔案
  已複製 0 個檔案
  已複製 0 個檔案
